The system is: Linux - 2.6.32-696.30.1.el6.x86_64 - x86_64
Compiling the C compiler identification source file "CMakeCCompilerId.c" succeeded.
Compiler: /usr/local/gcc-4.9.1/bin/gcc 
Build flags: 
Id flags:  

The output was:
0


Compilation of the C compiler identification source "CMakeCCompilerId.c" produced "a.out"

The C compiler identification is GNU, found in "/home/ueno/RSuTPC/build/CMakeFiles/3.11.4/CompilerIdC/a.out"

Compiling the CXX compiler identification source file "CMakeCXXCompilerId.cpp" succeeded.
Compiler: /usr/local/gcc-4.9.1/bin/c++ 
Build flags: 
Id flags:  

The output was:
0


Compilation of the CXX compiler identification source "CMakeCXXCompilerId.cpp" produced "a.out"

The CXX compiler identification is GNU, found in "/home/ueno/RSuTPC/build/CMakeFiles/3.11.4/CompilerIdCXX/a.out"

Determining if the C compiler works passed with the following output:
Change Dir: /home/ueno/RSuTPC/build/CMakeFiles/CMakeTmp

Run Build Command:"/usr/bin/gmake" "cmTC_4fa7b/fast"
/usr/bin/gmake -f CMakeFiles/cmTC_4fa7b.dir/build.make CMakeFiles/cmTC_4fa7b.dir/build
gmake[1]: ディレクトリ `/home/ueno/RSuTPC/build/CMakeFiles/CMakeTmp' に入ります
Building C object CMakeFiles/cmTC_4fa7b.dir/testCCompiler.c.o
/usr/local/gcc-4.9.1/bin/gcc    -o CMakeFiles/cmTC_4fa7b.dir/testCCompiler.c.o   -c /home/ueno/RSuTPC/build/CMakeFiles/CMakeTmp/testCCompiler.c
Linking C executable cmTC_4fa7b
/home/ueno/local/cmake/bin/cmake -E cmake_link_script CMakeFiles/cmTC_4fa7b.dir/link.txt --verbose=1
/usr/local/gcc-4.9.1/bin/gcc      -rdynamic CMakeFiles/cmTC_4fa7b.dir/testCCompiler.c.o  -o cmTC_4fa7b 
gmake[1]: ディレクトリ `/home/ueno/RSuTPC/build/CMakeFiles/CMakeTmp' から出ます


Detecting C compiler ABI info compiled with the following output:
Change Dir: /home/ueno/RSuTPC/build/CMakeFiles/CMakeTmp

Run Build Command:"/usr/bin/gmake" "cmTC_26fc2/fast"
/usr/bin/gmake -f CMakeFiles/cmTC_26fc2.dir/build.make CMakeFiles/cmTC_26fc2.dir/build
gmake[1]: ディレクトリ `/home/ueno/RSuTPC/build/CMakeFiles/CMakeTmp' に入ります
Building C object CMakeFiles/cmTC_26fc2.dir/CMakeCCompilerABI.c.o
/usr/local/gcc-4.9.1/bin/gcc    -o CMakeFiles/cmTC_26fc2.dir/CMakeCCompilerABI.c.o   -c /home/ueno/local/cmake/share/cmake-3.11/Modules/CMakeCCompilerABI.c
Linking C executable cmTC_26fc2
/home/ueno/local/cmake/bin/cmake -E cmake_link_script CMakeFiles/cmTC_26fc2.dir/link.txt --verbose=1
/usr/local/gcc-4.9.1/bin/gcc     -v -rdynamic CMakeFiles/cmTC_26fc2.dir/CMakeCCompilerABI.c.o  -o cmTC_26fc2 
組み込み spec を使用しています。
COLLECT_GCC=/usr/local/gcc-4.9.1/bin/gcc
COLLECT_LTO_WRAPPER=/usr/local/gcc-4.9.1/libexec/gcc/x86_64-unknown-linux-gnu/4.9.1/lto-wrapper
ターゲット: x86_64-unknown-linux-gnu
configure 設定: ../gcc-4.9.1/configure --prefix=/usr/local/gcc-4.9.1 --disable-multilib --disable-bootstrap --enable-maintainer-mode : (reconfigured) ../gcc-4.9.1/configure --prefix=/usr/local/gcc-4.9.1 --disable-multilib --disable-bootstrap --enable-maintainer-mode : (reconfigured) ../gcc-4.9.1/configure --prefix=/usr/local/gcc-4.9.1 --disable-multilib --disable-bootstrap --enable-maintainer-mode
スレッドモデル: posix
gcc バージョン 4.9.1 (GCC) 
COMPILER_PATH=/usr/local/gcc-4.9.1/libexec/gcc/x86_64-unknown-linux-gnu/4.9.1/:/usr/local/gcc-4.9.1/libexec/gcc/x86_64-unknown-linux-gnu/4.9.1/:/usr/local/gcc-4.9.1/libexec/gcc/x86_64-unknown-linux-gnu/:/usr/local/gcc-4.9.1/lib/gcc/x86_64-unknown-linux-gnu/4.9.1/:/usr/local/gcc-4.9.1/lib/gcc/x86_64-unknown-linux-gnu/
LIBRARY_PATH=/usr/local/gcc-4.9.1/lib/gcc/x86_64-unknown-linux-gnu/4.9.1/:/usr/local/gcc-4.9.1/lib/gcc/x86_64-unknown-linux-gnu/4.9.1/../../../../lib64/:/lib/../lib64/:/usr/lib/../lib64/:/usr/local/gcc-4.9.1/lib/gcc/x86_64-unknown-linux-gnu/4.9.1/../../../:/lib/:/usr/lib/
COLLECT_GCC_OPTIONS='-v' '-rdynamic' '-o' 'cmTC_26fc2' '-mtune=generic' '-march=x86-64'
 /usr/local/gcc-4.9.1/libexec/gcc/x86_64-unknown-linux-gnu/4.9.1/collect2 -plugin /usr/local/gcc-4.9.1/libexec/gcc/x86_64-unknown-linux-gnu/4.9.1/liblto_plugin.so -plugin-opt=/usr/local/gcc-4.9.1/libexec/gcc/x86_64-unknown-linux-gnu/4.9.1/lto-wrapper -plugin-opt=-fresolution=/tmp/ueno/cceiLqn9.res -plugin-opt=-pass-through=-lgcc -plugin-opt=-pass-through=-lgcc_s -plugin-opt=-pass-through=-lc -plugin-opt=-pass-through=-lgcc -plugin-opt=-pass-through=-lgcc_s --eh-frame-hdr -m elf_x86_64 -export-dynamic -dynamic-linker /lib64/ld-linux-x86-64.so.2 -o cmTC_26fc2 /usr/lib/../lib64/crt1.o /usr/lib/../lib64/crti.o /usr/local/gcc-4.9.1/lib/gcc/x86_64-unknown-linux-gnu/4.9.1/crtbegin.o -L/usr/local/gcc-4.9.1/lib/gcc/x86_64-unknown-linux-gnu/4.9.1 -L/usr/local/gcc-4.9.1/lib/gcc/x86_64-unknown-linux-gnu/4.9.1/../../../../lib64 -L/lib/../lib64 -L/usr/lib/../lib64 -L/usr/local/gcc-4.9.1/lib/gcc/x86_64-unknown-linux-gnu/4.9.1/../../.. CMakeFiles/cmTC_26fc2.dir/CMakeCCompilerABI.c.o -lgcc --as-needed -lgcc_s --no-as-needed -lc -lgcc --as-needed -lgcc_s --no-as-needed /usr/local/gcc-4.9.1/lib/gcc/x86_64-unknown-linux-gnu/4.9.1/crtend.o /usr/lib/../lib64/crtn.o
gmake[1]: ディレクトリ `/home/ueno/RSuTPC/build/CMakeFiles/CMakeTmp' から出ます


Parsed C implicit link information from above output:
  link line regex: [^( *|.*[/\])(ld|CMAKE_LINK_STARTFILE-NOTFOUND|([^/\]+-)?ld|collect2)[^/\]*( |$)]
  ignore line: [Change Dir: /home/ueno/RSuTPC/build/CMakeFiles/CMakeTmp]
  ignore line: []
  ignore line: [Run Build Command:"/usr/bin/gmake" "cmTC_26fc2/fast"]
  ignore line: [/usr/bin/gmake -f CMakeFiles/cmTC_26fc2.dir/build.make CMakeFiles/cmTC_26fc2.dir/build]
  ignore line: [gmake[1]: ディレクトリ `/home/ueno/RSuTPC/build/CMakeFiles/CMakeTmp' に入ります]
  ignore line: [Building C object CMakeFiles/cmTC_26fc2.dir/CMakeCCompilerABI.c.o]
  ignore line: [/usr/local/gcc-4.9.1/bin/gcc    -o CMakeFiles/cmTC_26fc2.dir/CMakeCCompilerABI.c.o   -c /home/ueno/local/cmake/share/cmake-3.11/Modules/CMakeCCompilerABI.c]
  ignore line: [Linking C executable cmTC_26fc2]
  ignore line: [/home/ueno/local/cmake/bin/cmake -E cmake_link_script CMakeFiles/cmTC_26fc2.dir/link.txt --verbose=1]
  ignore line: [/usr/local/gcc-4.9.1/bin/gcc     -v -rdynamic CMakeFiles/cmTC_26fc2.dir/CMakeCCompilerABI.c.o  -o cmTC_26fc2 ]
  ignore line: [組み込み spec を使用しています。]
  ignore line: [COLLECT_GCC=/usr/local/gcc-4.9.1/bin/gcc]
  ignore line: [COLLECT_LTO_WRAPPER=/usr/local/gcc-4.9.1/libexec/gcc/x86_64-unknown-linux-gnu/4.9.1/lto-wrapper]
  ignore line: [ターゲット: x86_64-unknown-linux-gnu]
  ignore line: [configure 設定: ../gcc-4.9.1/configure --prefix=/usr/local/gcc-4.9.1 --disable-multilib --disable-bootstrap --enable-maintainer-mode : (reconfigured) ../gcc-4.9.1/configure --prefix=/usr/local/gcc-4.9.1 --disable-multilib --disable-bootstrap --enable-maintainer-mode : (reconfigured) ../gcc-4.9.1/configure --prefix=/usr/local/gcc-4.9.1 --disable-multilib --disable-bootstrap --enable-maintainer-mode]
  ignore line: [スレッドモデル: posix]
  ignore line: [gcc バージョン 4.9.1 (GCC) ]
  ignore line: [COMPILER_PATH=/usr/local/gcc-4.9.1/libexec/gcc/x86_64-unknown-linux-gnu/4.9.1/:/usr/local/gcc-4.9.1/libexec/gcc/x86_64-unknown-linux-gnu/4.9.1/:/usr/local/gcc-4.9.1/libexec/gcc/x86_64-unknown-linux-gnu/:/usr/local/gcc-4.9.1/lib/gcc/x86_64-unknown-linux-gnu/4.9.1/:/usr/local/gcc-4.9.1/lib/gcc/x86_64-unknown-linux-gnu/]
  ignore line: [LIBRARY_PATH=/usr/local/gcc-4.9.1/lib/gcc/x86_64-unknown-linux-gnu/4.9.1/:/usr/local/gcc-4.9.1/lib/gcc/x86_64-unknown-linux-gnu/4.9.1/../../../../lib64/:/lib/../lib64/:/usr/lib/../lib64/:/usr/local/gcc-4.9.1/lib/gcc/x86_64-unknown-linux-gnu/4.9.1/../../../:/lib/:/usr/lib/]
  ignore line: [COLLECT_GCC_OPTIONS='-v' '-rdynamic' '-o' 'cmTC_26fc2' '-mtune=generic' '-march=x86-64']
  link line: [ /usr/local/gcc-4.9.1/libexec/gcc/x86_64-unknown-linux-gnu/4.9.1/collect2 -plugin /usr/local/gcc-4.9.1/libexec/gcc/x86_64-unknown-linux-gnu/4.9.1/liblto_plugin.so -plugin-opt=/usr/local/gcc-4.9.1/libexec/gcc/x86_64-unknown-linux-gnu/4.9.1/lto-wrapper -plugin-opt=-fresolution=/tmp/ueno/cceiLqn9.res -plugin-opt=-pass-through=-lgcc -plugin-opt=-pass-through=-lgcc_s -plugin-opt=-pass-through=-lc -plugin-opt=-pass-through=-lgcc -plugin-opt=-pass-through=-lgcc_s --eh-frame-hdr -m elf_x86_64 -export-dynamic -dynamic-linker /lib64/ld-linux-x86-64.so.2 -o cmTC_26fc2 /usr/lib/../lib64/crt1.o /usr/lib/../lib64/crti.o /usr/local/gcc-4.9.1/lib/gcc/x86_64-unknown-linux-gnu/4.9.1/crtbegin.o -L/usr/local/gcc-4.9.1/lib/gcc/x86_64-unknown-linux-gnu/4.9.1 -L/usr/local/gcc-4.9.1/lib/gcc/x86_64-unknown-linux-gnu/4.9.1/../../../../lib64 -L/lib/../lib64 -L/usr/lib/../lib64 -L/usr/local/gcc-4.9.1/lib/gcc/x86_64-unknown-linux-gnu/4.9.1/../../.. CMakeFiles/cmTC_26fc2.dir/CMakeCCompilerABI.c.o -lgcc --as-needed -lgcc_s --no-as-needed -lc -lgcc --as-needed -lgcc_s --no-as-needed /usr/local/gcc-4.9.1/lib/gcc/x86_64-unknown-linux-gnu/4.9.1/crtend.o /usr/lib/../lib64/crtn.o]
    arg [/usr/local/gcc-4.9.1/libexec/gcc/x86_64-unknown-linux-gnu/4.9.1/collect2] ==> ignore
    arg [-plugin] ==> ignore
    arg [/usr/local/gcc-4.9.1/libexec/gcc/x86_64-unknown-linux-gnu/4.9.1/liblto_plugin.so] ==> ignore
    arg [-plugin-opt=/usr/local/gcc-4.9.1/libexec/gcc/x86_64-unknown-linux-gnu/4.9.1/lto-wrapper] ==> ignore
    arg [-plugin-opt=-fresolution=/tmp/ueno/cceiLqn9.res] ==> ignore
    arg [-plugin-opt=-pass-through=-lgcc] ==> ignore
    arg [-plugin-opt=-pass-through=-lgcc_s] ==> ignore
    arg [-plugin-opt=-pass-through=-lc] ==> ignore
    arg [-plugin-opt=-pass-through=-lgcc] ==> ignore
    arg [-plugin-opt=-pass-through=-lgcc_s] ==> ignore
    arg [--eh-frame-hdr] ==> ignore
    arg [-m] ==> ignore
    arg [elf_x86_64] ==> ignore
    arg [-export-dynamic] ==> ignore
    arg [-dynamic-linker] ==> ignore
    arg [/lib64/ld-linux-x86-64.so.2] ==> ignore
    arg [-o] ==> ignore
    arg [cmTC_26fc2] ==> ignore
    arg [/usr/lib/../lib64/crt1.o] ==> ignore
    arg [/usr/lib/../lib64/crti.o] ==> ignore
    arg [/usr/local/gcc-4.9.1/lib/gcc/x86_64-unknown-linux-gnu/4.9.1/crtbegin.o] ==> ignore
    arg [-L/usr/local/gcc-4.9.1/lib/gcc/x86_64-unknown-linux-gnu/4.9.1] ==> dir [/usr/local/gcc-4.9.1/lib/gcc/x86_64-unknown-linux-gnu/4.9.1]
    arg [-L/usr/local/gcc-4.9.1/lib/gcc/x86_64-unknown-linux-gnu/4.9.1/../../../../lib64] ==> dir [/usr/local/gcc-4.9.1/lib/gcc/x86_64-unknown-linux-gnu/4.9.1/../../../../lib64]
    arg [-L/lib/../lib64] ==> dir [/lib/../lib64]
    arg [-L/usr/lib/../lib64] ==> dir [/usr/lib/../lib64]
    arg [-L/usr/local/gcc-4.9.1/lib/gcc/x86_64-unknown-linux-gnu/4.9.1/../../..] ==> dir [/usr/local/gcc-4.9.1/lib/gcc/x86_64-unknown-linux-gnu/4.9.1/../../..]
    arg [CMakeFiles/cmTC_26fc2.dir/CMakeCCompilerABI.c.o] ==> ignore
    arg [-lgcc] ==> lib [gcc]
    arg [--as-needed] ==> ignore
    arg [-lgcc_s] ==> lib [gcc_s]
    arg [--no-as-needed] ==> ignore
    arg [-lc] ==> lib [c]
    arg [-lgcc] ==> lib [gcc]
    arg [--as-needed] ==> ignore
    arg [-lgcc_s] ==> lib [gcc_s]
    arg [--no-as-needed] ==> ignore
    arg [/usr/local/gcc-4.9.1/lib/gcc/x86_64-unknown-linux-gnu/4.9.1/crtend.o] ==> ignore
    arg [/usr/lib/../lib64/crtn.o] ==> ignore
  collapse library dir [/usr/local/gcc-4.9.1/lib/gcc/x86_64-unknown-linux-gnu/4.9.1] ==> [/usr/local/gcc-4.9.1/lib/gcc/x86_64-unknown-linux-gnu/4.9.1]
  collapse library dir [/usr/local/gcc-4.9.1/lib/gcc/x86_64-unknown-linux-gnu/4.9.1/../../../../lib64] ==> [/usr/local/gcc-4.9.1/lib64]
  collapse library dir [/lib/../lib64] ==> [/lib64]
  collapse library dir [/usr/lib/../lib64] ==> [/usr/lib64]
  collapse library dir [/usr/local/gcc-4.9.1/lib/gcc/x86_64-unknown-linux-gnu/4.9.1/../../..] ==> [/usr/local/gcc-4.9.1/lib]
  implicit libs: [gcc;gcc_s;c;gcc;gcc_s]
  implicit dirs: [/usr/local/gcc-4.9.1/lib/gcc/x86_64-unknown-linux-gnu/4.9.1;/usr/local/gcc-4.9.1/lib64;/lib64;/usr/lib64;/usr/local/gcc-4.9.1/lib]
  implicit fwks: []




Detecting C [-std=c11] compiler features compiled with the following output:
Change Dir: /home/ueno/RSuTPC/build/CMakeFiles/CMakeTmp

Run Build Command:"/usr/bin/gmake" "cmTC_9cf4b/fast"
/usr/bin/gmake -f CMakeFiles/cmTC_9cf4b.dir/build.make CMakeFiles/cmTC_9cf4b.dir/build
gmake[1]: ディレクトリ `/home/ueno/RSuTPC/build/CMakeFiles/CMakeTmp' に入ります
Building C object CMakeFiles/cmTC_9cf4b.dir/feature_tests.c.o
/usr/local/gcc-4.9.1/bin/gcc   -std=c11 -o CMakeFiles/cmTC_9cf4b.dir/feature_tests.c.o   -c /home/ueno/RSuTPC/build/CMakeFiles/feature_tests.c
Linking C executable cmTC_9cf4b
/home/ueno/local/cmake/bin/cmake -E cmake_link_script CMakeFiles/cmTC_9cf4b.dir/link.txt --verbose=1
/usr/local/gcc-4.9.1/bin/gcc      -rdynamic CMakeFiles/cmTC_9cf4b.dir/feature_tests.c.o  -o cmTC_9cf4b 
gmake[1]: ディレクトリ `/home/ueno/RSuTPC/build/CMakeFiles/CMakeTmp' から出ます


    Feature record: C_FEATURE:1c_function_prototypes
    Feature record: C_FEATURE:1c_restrict
    Feature record: C_FEATURE:1c_static_assert
    Feature record: C_FEATURE:1c_variadic_macros


Detecting C [-std=c99] compiler features compiled with the following output:
Change Dir: /home/ueno/RSuTPC/build/CMakeFiles/CMakeTmp

Run Build Command:"/usr/bin/gmake" "cmTC_361b5/fast"
/usr/bin/gmake -f CMakeFiles/cmTC_361b5.dir/build.make CMakeFiles/cmTC_361b5.dir/build
gmake[1]: ディレクトリ `/home/ueno/RSuTPC/build/CMakeFiles/CMakeTmp' に入ります
Building C object CMakeFiles/cmTC_361b5.dir/feature_tests.c.o
/usr/local/gcc-4.9.1/bin/gcc   -std=c99 -o CMakeFiles/cmTC_361b5.dir/feature_tests.c.o   -c /home/ueno/RSuTPC/build/CMakeFiles/feature_tests.c
Linking C executable cmTC_361b5
/home/ueno/local/cmake/bin/cmake -E cmake_link_script CMakeFiles/cmTC_361b5.dir/link.txt --verbose=1
/usr/local/gcc-4.9.1/bin/gcc      -rdynamic CMakeFiles/cmTC_361b5.dir/feature_tests.c.o  -o cmTC_361b5 
gmake[1]: ディレクトリ `/home/ueno/RSuTPC/build/CMakeFiles/CMakeTmp' から出ます


    Feature record: C_FEATURE:1c_function_prototypes
    Feature record: C_FEATURE:1c_restrict
    Feature record: C_FEATURE:0c_static_assert
    Feature record: C_FEATURE:1c_variadic_macros


Detecting C [-std=c90] compiler features compiled with the following output:
Change Dir: /home/ueno/RSuTPC/build/CMakeFiles/CMakeTmp

Run Build Command:"/usr/bin/gmake" "cmTC_1cbea/fast"
/usr/bin/gmake -f CMakeFiles/cmTC_1cbea.dir/build.make CMakeFiles/cmTC_1cbea.dir/build
gmake[1]: ディレクトリ `/home/ueno/RSuTPC/build/CMakeFiles/CMakeTmp' に入ります
Building C object CMakeFiles/cmTC_1cbea.dir/feature_tests.c.o
/usr/local/gcc-4.9.1/bin/gcc   -std=c90 -o CMakeFiles/cmTC_1cbea.dir/feature_tests.c.o   -c /home/ueno/RSuTPC/build/CMakeFiles/feature_tests.c
Linking C executable cmTC_1cbea
/home/ueno/local/cmake/bin/cmake -E cmake_link_script CMakeFiles/cmTC_1cbea.dir/link.txt --verbose=1
/usr/local/gcc-4.9.1/bin/gcc      -rdynamic CMakeFiles/cmTC_1cbea.dir/feature_tests.c.o  -o cmTC_1cbea 
gmake[1]: ディレクトリ `/home/ueno/RSuTPC/build/CMakeFiles/CMakeTmp' から出ます


    Feature record: C_FEATURE:1c_function_prototypes
    Feature record: C_FEATURE:0c_restrict
    Feature record: C_FEATURE:0c_static_assert
    Feature record: C_FEATURE:0c_variadic_macros
Determining if the CXX compiler works passed with the following output:
Change Dir: /home/ueno/RSuTPC/build/CMakeFiles/CMakeTmp

Run Build Command:"/usr/bin/gmake" "cmTC_c11bb/fast"
/usr/bin/gmake -f CMakeFiles/cmTC_c11bb.dir/build.make CMakeFiles/cmTC_c11bb.dir/build
gmake[1]: ディレクトリ `/home/ueno/RSuTPC/build/CMakeFiles/CMakeTmp' に入ります
Building CXX object CMakeFiles/cmTC_c11bb.dir/testCXXCompiler.cxx.o
/usr/local/gcc-4.9.1/bin/c++     -o CMakeFiles/cmTC_c11bb.dir/testCXXCompiler.cxx.o -c /home/ueno/RSuTPC/build/CMakeFiles/CMakeTmp/testCXXCompiler.cxx
Linking CXX executable cmTC_c11bb
/home/ueno/local/cmake/bin/cmake -E cmake_link_script CMakeFiles/cmTC_c11bb.dir/link.txt --verbose=1
/usr/local/gcc-4.9.1/bin/c++       -rdynamic CMakeFiles/cmTC_c11bb.dir/testCXXCompiler.cxx.o  -o cmTC_c11bb 
gmake[1]: ディレクトリ `/home/ueno/RSuTPC/build/CMakeFiles/CMakeTmp' から出ます


Detecting CXX compiler ABI info compiled with the following output:
Change Dir: /home/ueno/RSuTPC/build/CMakeFiles/CMakeTmp

Run Build Command:"/usr/bin/gmake" "cmTC_479ca/fast"
/usr/bin/gmake -f CMakeFiles/cmTC_479ca.dir/build.make CMakeFiles/cmTC_479ca.dir/build
gmake[1]: ディレクトリ `/home/ueno/RSuTPC/build/CMakeFiles/CMakeTmp' に入ります
Building CXX object CMakeFiles/cmTC_479ca.dir/CMakeCXXCompilerABI.cpp.o
/usr/local/gcc-4.9.1/bin/c++     -o CMakeFiles/cmTC_479ca.dir/CMakeCXXCompilerABI.cpp.o -c /home/ueno/local/cmake/share/cmake-3.11/Modules/CMakeCXXCompilerABI.cpp
Linking CXX executable cmTC_479ca
/home/ueno/local/cmake/bin/cmake -E cmake_link_script CMakeFiles/cmTC_479ca.dir/link.txt --verbose=1
/usr/local/gcc-4.9.1/bin/c++      -v -rdynamic CMakeFiles/cmTC_479ca.dir/CMakeCXXCompilerABI.cpp.o  -o cmTC_479ca 
組み込み spec を使用しています。
COLLECT_GCC=/usr/local/gcc-4.9.1/bin/c++
COLLECT_LTO_WRAPPER=/usr/local/gcc-4.9.1/libexec/gcc/x86_64-unknown-linux-gnu/4.9.1/lto-wrapper
ターゲット: x86_64-unknown-linux-gnu
configure 設定: ../gcc-4.9.1/configure --prefix=/usr/local/gcc-4.9.1 --disable-multilib --disable-bootstrap --enable-maintainer-mode : (reconfigured) ../gcc-4.9.1/configure --prefix=/usr/local/gcc-4.9.1 --disable-multilib --disable-bootstrap --enable-maintainer-mode : (reconfigured) ../gcc-4.9.1/configure --prefix=/usr/local/gcc-4.9.1 --disable-multilib --disable-bootstrap --enable-maintainer-mode
スレッドモデル: posix
gcc バージョン 4.9.1 (GCC) 
COMPILER_PATH=/usr/local/gcc-4.9.1/libexec/gcc/x86_64-unknown-linux-gnu/4.9.1/:/usr/local/gcc-4.9.1/libexec/gcc/x86_64-unknown-linux-gnu/4.9.1/:/usr/local/gcc-4.9.1/libexec/gcc/x86_64-unknown-linux-gnu/:/usr/local/gcc-4.9.1/lib/gcc/x86_64-unknown-linux-gnu/4.9.1/:/usr/local/gcc-4.9.1/lib/gcc/x86_64-unknown-linux-gnu/
LIBRARY_PATH=/usr/local/gcc-4.9.1/lib/gcc/x86_64-unknown-linux-gnu/4.9.1/:/usr/local/gcc-4.9.1/lib/gcc/x86_64-unknown-linux-gnu/4.9.1/../../../../lib64/:/lib/../lib64/:/usr/lib/../lib64/:/usr/local/gcc-4.9.1/lib/gcc/x86_64-unknown-linux-gnu/4.9.1/../../../:/lib/:/usr/lib/
COLLECT_GCC_OPTIONS='-v' '-rdynamic' '-o' 'cmTC_479ca' '-shared-libgcc' '-mtune=generic' '-march=x86-64'
 /usr/local/gcc-4.9.1/libexec/gcc/x86_64-unknown-linux-gnu/4.9.1/collect2 -plugin /usr/local/gcc-4.9.1/libexec/gcc/x86_64-unknown-linux-gnu/4.9.1/liblto_plugin.so -plugin-opt=/usr/local/gcc-4.9.1/libexec/gcc/x86_64-unknown-linux-gnu/4.9.1/lto-wrapper -plugin-opt=-fresolution=/tmp/ueno/ccMMTByt.res -plugin-opt=-pass-through=-lgcc_s -plugin-opt=-pass-through=-lgcc -plugin-opt=-pass-through=-lc -plugin-opt=-pass-through=-lgcc_s -plugin-opt=-pass-through=-lgcc --eh-frame-hdr -m elf_x86_64 -export-dynamic -dynamic-linker /lib64/ld-linux-x86-64.so.2 -o cmTC_479ca /usr/lib/../lib64/crt1.o /usr/lib/../lib64/crti.o /usr/local/gcc-4.9.1/lib/gcc/x86_64-unknown-linux-gnu/4.9.1/crtbegin.o -L/usr/local/gcc-4.9.1/lib/gcc/x86_64-unknown-linux-gnu/4.9.1 -L/usr/local/gcc-4.9.1/lib/gcc/x86_64-unknown-linux-gnu/4.9.1/../../../../lib64 -L/lib/../lib64 -L/usr/lib/../lib64 -L/usr/local/gcc-4.9.1/lib/gcc/x86_64-unknown-linux-gnu/4.9.1/../../.. CMakeFiles/cmTC_479ca.dir/CMakeCXXCompilerABI.cpp.o -lstdc++ -lm -lgcc_s -lgcc -lc -lgcc_s -lgcc /usr/local/gcc-4.9.1/lib/gcc/x86_64-unknown-linux-gnu/4.9.1/crtend.o /usr/lib/../lib64/crtn.o
gmake[1]: ディレクトリ `/home/ueno/RSuTPC/build/CMakeFiles/CMakeTmp' から出ます


Parsed CXX implicit link information from above output:
  link line regex: [^( *|.*[/\])(ld|CMAKE_LINK_STARTFILE-NOTFOUND|([^/\]+-)?ld|collect2)[^/\]*( |$)]
  ignore line: [Change Dir: /home/ueno/RSuTPC/build/CMakeFiles/CMakeTmp]
  ignore line: []
  ignore line: [Run Build Command:"/usr/bin/gmake" "cmTC_479ca/fast"]
  ignore line: [/usr/bin/gmake -f CMakeFiles/cmTC_479ca.dir/build.make CMakeFiles/cmTC_479ca.dir/build]
  ignore line: [gmake[1]: ディレクトリ `/home/ueno/RSuTPC/build/CMakeFiles/CMakeTmp' に入ります]
  ignore line: [Building CXX object CMakeFiles/cmTC_479ca.dir/CMakeCXXCompilerABI.cpp.o]
  ignore line: [/usr/local/gcc-4.9.1/bin/c++     -o CMakeFiles/cmTC_479ca.dir/CMakeCXXCompilerABI.cpp.o -c /home/ueno/local/cmake/share/cmake-3.11/Modules/CMakeCXXCompilerABI.cpp]
  ignore line: [Linking CXX executable cmTC_479ca]
  ignore line: [/home/ueno/local/cmake/bin/cmake -E cmake_link_script CMakeFiles/cmTC_479ca.dir/link.txt --verbose=1]
  ignore line: [/usr/local/gcc-4.9.1/bin/c++      -v -rdynamic CMakeFiles/cmTC_479ca.dir/CMakeCXXCompilerABI.cpp.o  -o cmTC_479ca ]
  ignore line: [組み込み spec を使用しています。]
  ignore line: [COLLECT_GCC=/usr/local/gcc-4.9.1/bin/c++]
  ignore line: [COLLECT_LTO_WRAPPER=/usr/local/gcc-4.9.1/libexec/gcc/x86_64-unknown-linux-gnu/4.9.1/lto-wrapper]
  ignore line: [ターゲット: x86_64-unknown-linux-gnu]
  ignore line: [configure 設定: ../gcc-4.9.1/configure --prefix=/usr/local/gcc-4.9.1 --disable-multilib --disable-bootstrap --enable-maintainer-mode : (reconfigured) ../gcc-4.9.1/configure --prefix=/usr/local/gcc-4.9.1 --disable-multilib --disable-bootstrap --enable-maintainer-mode : (reconfigured) ../gcc-4.9.1/configure --prefix=/usr/local/gcc-4.9.1 --disable-multilib --disable-bootstrap --enable-maintainer-mode]
  ignore line: [スレッドモデル: posix]
  ignore line: [gcc バージョン 4.9.1 (GCC) ]
  ignore line: [COMPILER_PATH=/usr/local/gcc-4.9.1/libexec/gcc/x86_64-unknown-linux-gnu/4.9.1/:/usr/local/gcc-4.9.1/libexec/gcc/x86_64-unknown-linux-gnu/4.9.1/:/usr/local/gcc-4.9.1/libexec/gcc/x86_64-unknown-linux-gnu/:/usr/local/gcc-4.9.1/lib/gcc/x86_64-unknown-linux-gnu/4.9.1/:/usr/local/gcc-4.9.1/lib/gcc/x86_64-unknown-linux-gnu/]
  ignore line: [LIBRARY_PATH=/usr/local/gcc-4.9.1/lib/gcc/x86_64-unknown-linux-gnu/4.9.1/:/usr/local/gcc-4.9.1/lib/gcc/x86_64-unknown-linux-gnu/4.9.1/../../../../lib64/:/lib/../lib64/:/usr/lib/../lib64/:/usr/local/gcc-4.9.1/lib/gcc/x86_64-unknown-linux-gnu/4.9.1/../../../:/lib/:/usr/lib/]
  ignore line: [COLLECT_GCC_OPTIONS='-v' '-rdynamic' '-o' 'cmTC_479ca' '-shared-libgcc' '-mtune=generic' '-march=x86-64']
  link line: [ /usr/local/gcc-4.9.1/libexec/gcc/x86_64-unknown-linux-gnu/4.9.1/collect2 -plugin /usr/local/gcc-4.9.1/libexec/gcc/x86_64-unknown-linux-gnu/4.9.1/liblto_plugin.so -plugin-opt=/usr/local/gcc-4.9.1/libexec/gcc/x86_64-unknown-linux-gnu/4.9.1/lto-wrapper -plugin-opt=-fresolution=/tmp/ueno/ccMMTByt.res -plugin-opt=-pass-through=-lgcc_s -plugin-opt=-pass-through=-lgcc -plugin-opt=-pass-through=-lc -plugin-opt=-pass-through=-lgcc_s -plugin-opt=-pass-through=-lgcc --eh-frame-hdr -m elf_x86_64 -export-dynamic -dynamic-linker /lib64/ld-linux-x86-64.so.2 -o cmTC_479ca /usr/lib/../lib64/crt1.o /usr/lib/../lib64/crti.o /usr/local/gcc-4.9.1/lib/gcc/x86_64-unknown-linux-gnu/4.9.1/crtbegin.o -L/usr/local/gcc-4.9.1/lib/gcc/x86_64-unknown-linux-gnu/4.9.1 -L/usr/local/gcc-4.9.1/lib/gcc/x86_64-unknown-linux-gnu/4.9.1/../../../../lib64 -L/lib/../lib64 -L/usr/lib/../lib64 -L/usr/local/gcc-4.9.1/lib/gcc/x86_64-unknown-linux-gnu/4.9.1/../../.. CMakeFiles/cmTC_479ca.dir/CMakeCXXCompilerABI.cpp.o -lstdc++ -lm -lgcc_s -lgcc -lc -lgcc_s -lgcc /usr/local/gcc-4.9.1/lib/gcc/x86_64-unknown-linux-gnu/4.9.1/crtend.o /usr/lib/../lib64/crtn.o]
    arg [/usr/local/gcc-4.9.1/libexec/gcc/x86_64-unknown-linux-gnu/4.9.1/collect2] ==> ignore
    arg [-plugin] ==> ignore
    arg [/usr/local/gcc-4.9.1/libexec/gcc/x86_64-unknown-linux-gnu/4.9.1/liblto_plugin.so] ==> ignore
    arg [-plugin-opt=/usr/local/gcc-4.9.1/libexec/gcc/x86_64-unknown-linux-gnu/4.9.1/lto-wrapper] ==> ignore
    arg [-plugin-opt=-fresolution=/tmp/ueno/ccMMTByt.res] ==> ignore
    arg [-plugin-opt=-pass-through=-lgcc_s] ==> ignore
    arg [-plugin-opt=-pass-through=-lgcc] ==> ignore
    arg [-plugin-opt=-pass-through=-lc] ==> ignore
    arg [-plugin-opt=-pass-through=-lgcc_s] ==> ignore
    arg [-plugin-opt=-pass-through=-lgcc] ==> ignore
    arg [--eh-frame-hdr] ==> ignore
    arg [-m] ==> ignore
    arg [elf_x86_64] ==> ignore
    arg [-export-dynamic] ==> ignore
    arg [-dynamic-linker] ==> ignore
    arg [/lib64/ld-linux-x86-64.so.2] ==> ignore
    arg [-o] ==> ignore
    arg [cmTC_479ca] ==> ignore
    arg [/usr/lib/../lib64/crt1.o] ==> ignore
    arg [/usr/lib/../lib64/crti.o] ==> ignore
    arg [/usr/local/gcc-4.9.1/lib/gcc/x86_64-unknown-linux-gnu/4.9.1/crtbegin.o] ==> ignore
    arg [-L/usr/local/gcc-4.9.1/lib/gcc/x86_64-unknown-linux-gnu/4.9.1] ==> dir [/usr/local/gcc-4.9.1/lib/gcc/x86_64-unknown-linux-gnu/4.9.1]
    arg [-L/usr/local/gcc-4.9.1/lib/gcc/x86_64-unknown-linux-gnu/4.9.1/../../../../lib64] ==> dir [/usr/local/gcc-4.9.1/lib/gcc/x86_64-unknown-linux-gnu/4.9.1/../../../../lib64]
    arg [-L/lib/../lib64] ==> dir [/lib/../lib64]
    arg [-L/usr/lib/../lib64] ==> dir [/usr/lib/../lib64]
    arg [-L/usr/local/gcc-4.9.1/lib/gcc/x86_64-unknown-linux-gnu/4.9.1/../../..] ==> dir [/usr/local/gcc-4.9.1/lib/gcc/x86_64-unknown-linux-gnu/4.9.1/../../..]
    arg [CMakeFiles/cmTC_479ca.dir/CMakeCXXCompilerABI.cpp.o] ==> ignore
    arg [-lstdc++] ==> lib [stdc++]
    arg [-lm] ==> lib [m]
    arg [-lgcc_s] ==> lib [gcc_s]
    arg [-lgcc] ==> lib [gcc]
    arg [-lc] ==> lib [c]
    arg [-lgcc_s] ==> lib [gcc_s]
    arg [-lgcc] ==> lib [gcc]
    arg [/usr/local/gcc-4.9.1/lib/gcc/x86_64-unknown-linux-gnu/4.9.1/crtend.o] ==> ignore
    arg [/usr/lib/../lib64/crtn.o] ==> ignore
  collapse library dir [/usr/local/gcc-4.9.1/lib/gcc/x86_64-unknown-linux-gnu/4.9.1] ==> [/usr/local/gcc-4.9.1/lib/gcc/x86_64-unknown-linux-gnu/4.9.1]
  collapse library dir [/usr/local/gcc-4.9.1/lib/gcc/x86_64-unknown-linux-gnu/4.9.1/../../../../lib64] ==> [/usr/local/gcc-4.9.1/lib64]
  collapse library dir [/lib/../lib64] ==> [/lib64]
  collapse library dir [/usr/lib/../lib64] ==> [/usr/lib64]
  collapse library dir [/usr/local/gcc-4.9.1/lib/gcc/x86_64-unknown-linux-gnu/4.9.1/../../..] ==> [/usr/local/gcc-4.9.1/lib]
  implicit libs: [stdc++;m;gcc_s;gcc;c;gcc_s;gcc]
  implicit dirs: [/usr/local/gcc-4.9.1/lib/gcc/x86_64-unknown-linux-gnu/4.9.1;/usr/local/gcc-4.9.1/lib64;/lib64;/usr/lib64;/usr/local/gcc-4.9.1/lib]
  implicit fwks: []




Detecting CXX [-std=c++14] compiler features compiled with the following output:
Change Dir: /home/ueno/RSuTPC/build/CMakeFiles/CMakeTmp

Run Build Command:"/usr/bin/gmake" "cmTC_4584f/fast"
/usr/bin/gmake -f CMakeFiles/cmTC_4584f.dir/build.make CMakeFiles/cmTC_4584f.dir/build
gmake[1]: ディレクトリ `/home/ueno/RSuTPC/build/CMakeFiles/CMakeTmp' に入ります
Building CXX object CMakeFiles/cmTC_4584f.dir/feature_tests.cxx.o
/usr/local/gcc-4.9.1/bin/c++    -std=c++14 -o CMakeFiles/cmTC_4584f.dir/feature_tests.cxx.o -c /home/ueno/RSuTPC/build/CMakeFiles/feature_tests.cxx
Linking CXX executable cmTC_4584f
/home/ueno/local/cmake/bin/cmake -E cmake_link_script CMakeFiles/cmTC_4584f.dir/link.txt --verbose=1
/usr/local/gcc-4.9.1/bin/c++       -rdynamic CMakeFiles/cmTC_4584f.dir/feature_tests.cxx.o  -o cmTC_4584f 
gmake[1]: ディレクトリ `/home/ueno/RSuTPC/build/CMakeFiles/CMakeTmp' から出ます


    Feature record: CXX_FEATURE:0cxx_aggregate_default_initializers
    Feature record: CXX_FEATURE:1cxx_alias_templates
    Feature record: CXX_FEATURE:1cxx_alignas
    Feature record: CXX_FEATURE:1cxx_alignof
    Feature record: CXX_FEATURE:1cxx_attributes
    Feature record: CXX_FEATURE:1cxx_attribute_deprecated
    Feature record: CXX_FEATURE:1cxx_auto_type
    Feature record: CXX_FEATURE:1cxx_binary_literals
    Feature record: CXX_FEATURE:1cxx_constexpr
    Feature record: CXX_FEATURE:1cxx_contextual_conversions
    Feature record: CXX_FEATURE:1cxx_decltype
    Feature record: CXX_FEATURE:1cxx_decltype_auto
    Feature record: CXX_FEATURE:1cxx_decltype_incomplete_return_types
    Feature record: CXX_FEATURE:1cxx_default_function_template_args
    Feature record: CXX_FEATURE:1cxx_defaulted_functions
    Feature record: CXX_FEATURE:1cxx_defaulted_move_initializers
    Feature record: CXX_FEATURE:1cxx_delegating_constructors
    Feature record: CXX_FEATURE:1cxx_deleted_functions
    Feature record: CXX_FEATURE:1cxx_digit_separators
    Feature record: CXX_FEATURE:1cxx_enum_forward_declarations
    Feature record: CXX_FEATURE:1cxx_explicit_conversions
    Feature record: CXX_FEATURE:1cxx_extended_friend_declarations
    Feature record: CXX_FEATURE:1cxx_extern_templates
    Feature record: CXX_FEATURE:1cxx_final
    Feature record: CXX_FEATURE:1cxx_func_identifier
    Feature record: CXX_FEATURE:1cxx_generalized_initializers
    Feature record: CXX_FEATURE:1cxx_generic_lambdas
    Feature record: CXX_FEATURE:1cxx_inheriting_constructors
    Feature record: CXX_FEATURE:1cxx_inline_namespaces
    Feature record: CXX_FEATURE:1cxx_lambdas
    Feature record: CXX_FEATURE:1cxx_lambda_init_captures
    Feature record: CXX_FEATURE:1cxx_local_type_template_args
    Feature record: CXX_FEATURE:1cxx_long_long_type
    Feature record: CXX_FEATURE:1cxx_noexcept
    Feature record: CXX_FEATURE:1cxx_nonstatic_member_init
    Feature record: CXX_FEATURE:1cxx_nullptr
    Feature record: CXX_FEATURE:1cxx_override
    Feature record: CXX_FEATURE:1cxx_range_for
    Feature record: CXX_FEATURE:1cxx_raw_string_literals
    Feature record: CXX_FEATURE:1cxx_reference_qualified_functions
    Feature record: CXX_FEATURE:0cxx_relaxed_constexpr
    Feature record: CXX_FEATURE:1cxx_return_type_deduction
    Feature record: CXX_FEATURE:1cxx_right_angle_brackets
    Feature record: CXX_FEATURE:1cxx_rvalue_references
    Feature record: CXX_FEATURE:1cxx_sizeof_member
    Feature record: CXX_FEATURE:1cxx_static_assert
    Feature record: CXX_FEATURE:1cxx_strong_enums
    Feature record: CXX_FEATURE:1cxx_template_template_parameters
    Feature record: CXX_FEATURE:1cxx_thread_local
    Feature record: CXX_FEATURE:1cxx_trailing_return_types
    Feature record: CXX_FEATURE:1cxx_unicode_literals
    Feature record: CXX_FEATURE:1cxx_uniform_initialization
    Feature record: CXX_FEATURE:1cxx_unrestricted_unions
    Feature record: CXX_FEATURE:1cxx_user_literals
    Feature record: CXX_FEATURE:0cxx_variable_templates
    Feature record: CXX_FEATURE:1cxx_variadic_macros
    Feature record: CXX_FEATURE:1cxx_variadic_templates


Detecting CXX [-std=c++11] compiler features compiled with the following output:
Change Dir: /home/ueno/RSuTPC/build/CMakeFiles/CMakeTmp

Run Build Command:"/usr/bin/gmake" "cmTC_0a370/fast"
/usr/bin/gmake -f CMakeFiles/cmTC_0a370.dir/build.make CMakeFiles/cmTC_0a370.dir/build
gmake[1]: ディレクトリ `/home/ueno/RSuTPC/build/CMakeFiles/CMakeTmp' に入ります
Building CXX object CMakeFiles/cmTC_0a370.dir/feature_tests.cxx.o
/usr/local/gcc-4.9.1/bin/c++    -std=c++11 -o CMakeFiles/cmTC_0a370.dir/feature_tests.cxx.o -c /home/ueno/RSuTPC/build/CMakeFiles/feature_tests.cxx
Linking CXX executable cmTC_0a370
/home/ueno/local/cmake/bin/cmake -E cmake_link_script CMakeFiles/cmTC_0a370.dir/link.txt --verbose=1
/usr/local/gcc-4.9.1/bin/c++       -rdynamic CMakeFiles/cmTC_0a370.dir/feature_tests.cxx.o  -o cmTC_0a370 
gmake[1]: ディレクトリ `/home/ueno/RSuTPC/build/CMakeFiles/CMakeTmp' から出ます


    Feature record: CXX_FEATURE:0cxx_aggregate_default_initializers
    Feature record: CXX_FEATURE:1cxx_alias_templates
    Feature record: CXX_FEATURE:1cxx_alignas
    Feature record: CXX_FEATURE:1cxx_alignof
    Feature record: CXX_FEATURE:1cxx_attributes
    Feature record: CXX_FEATURE:0cxx_attribute_deprecated
    Feature record: CXX_FEATURE:1cxx_auto_type
    Feature record: CXX_FEATURE:0cxx_binary_literals
    Feature record: CXX_FEATURE:1cxx_constexpr
    Feature record: CXX_FEATURE:0cxx_contextual_conversions
    Feature record: CXX_FEATURE:1cxx_decltype
    Feature record: CXX_FEATURE:0cxx_decltype_auto
    Feature record: CXX_FEATURE:1cxx_decltype_incomplete_return_types
    Feature record: CXX_FEATURE:1cxx_default_function_template_args
    Feature record: CXX_FEATURE:1cxx_defaulted_functions
    Feature record: CXX_FEATURE:1cxx_defaulted_move_initializers
    Feature record: CXX_FEATURE:1cxx_delegating_constructors
    Feature record: CXX_FEATURE:1cxx_deleted_functions
    Feature record: CXX_FEATURE:0cxx_digit_separators
    Feature record: CXX_FEATURE:1cxx_enum_forward_declarations
    Feature record: CXX_FEATURE:1cxx_explicit_conversions
    Feature record: CXX_FEATURE:1cxx_extended_friend_declarations
    Feature record: CXX_FEATURE:1cxx_extern_templates
    Feature record: CXX_FEATURE:1cxx_final
    Feature record: CXX_FEATURE:1cxx_func_identifier
    Feature record: CXX_FEATURE:1cxx_generalized_initializers
    Feature record: CXX_FEATURE:0cxx_generic_lambdas
    Feature record: CXX_FEATURE:1cxx_inheriting_constructors
    Feature record: CXX_FEATURE:1cxx_inline_namespaces
    Feature record: CXX_FEATURE:1cxx_lambdas
    Feature record: CXX_FEATURE:0cxx_lambda_init_captures
    Feature record: CXX_FEATURE:1cxx_local_type_template_args
    Feature record: CXX_FEATURE:1cxx_long_long_type
    Feature record: CXX_FEATURE:1cxx_noexcept
    Feature record: CXX_FEATURE:1cxx_nonstatic_member_init
    Feature record: CXX_FEATURE:1cxx_nullptr
    Feature record: CXX_FEATURE:1cxx_override
    Feature record: CXX_FEATURE:1cxx_range_for
    Feature record: CXX_FEATURE:1cxx_raw_string_literals
    Feature record: CXX_FEATURE:1cxx_reference_qualified_functions
    Feature record: CXX_FEATURE:0cxx_relaxed_constexpr
    Feature record: CXX_FEATURE:0cxx_return_type_deduction
    Feature record: CXX_FEATURE:1cxx_right_angle_brackets
    Feature record: CXX_FEATURE:1cxx_rvalue_references
    Feature record: CXX_FEATURE:1cxx_sizeof_member
    Feature record: CXX_FEATURE:1cxx_static_assert
    Feature record: CXX_FEATURE:1cxx_strong_enums
    Feature record: CXX_FEATURE:1cxx_template_template_parameters
    Feature record: CXX_FEATURE:1cxx_thread_local
    Feature record: CXX_FEATURE:1cxx_trailing_return_types
    Feature record: CXX_FEATURE:1cxx_unicode_literals
    Feature record: CXX_FEATURE:1cxx_uniform_initialization
    Feature record: CXX_FEATURE:1cxx_unrestricted_unions
    Feature record: CXX_FEATURE:1cxx_user_literals
    Feature record: CXX_FEATURE:0cxx_variable_templates
    Feature record: CXX_FEATURE:1cxx_variadic_macros
    Feature record: CXX_FEATURE:1cxx_variadic_templates


Detecting CXX [-std=c++98] compiler features compiled with the following output:
Change Dir: /home/ueno/RSuTPC/build/CMakeFiles/CMakeTmp

Run Build Command:"/usr/bin/gmake" "cmTC_d97a9/fast"
/usr/bin/gmake -f CMakeFiles/cmTC_d97a9.dir/build.make CMakeFiles/cmTC_d97a9.dir/build
gmake[1]: ディレクトリ `/home/ueno/RSuTPC/build/CMakeFiles/CMakeTmp' に入ります
Building CXX object CMakeFiles/cmTC_d97a9.dir/feature_tests.cxx.o
/usr/local/gcc-4.9.1/bin/c++    -std=c++98 -o CMakeFiles/cmTC_d97a9.dir/feature_tests.cxx.o -c /home/ueno/RSuTPC/build/CMakeFiles/feature_tests.cxx
Linking CXX executable cmTC_d97a9
/home/ueno/local/cmake/bin/cmake -E cmake_link_script CMakeFiles/cmTC_d97a9.dir/link.txt --verbose=1
/usr/local/gcc-4.9.1/bin/c++       -rdynamic CMakeFiles/cmTC_d97a9.dir/feature_tests.cxx.o  -o cmTC_d97a9 
gmake[1]: ディレクトリ `/home/ueno/RSuTPC/build/CMakeFiles/CMakeTmp' から出ます


    Feature record: CXX_FEATURE:0cxx_aggregate_default_initializers
    Feature record: CXX_FEATURE:0cxx_alias_templates
    Feature record: CXX_FEATURE:0cxx_alignas
    Feature record: CXX_FEATURE:0cxx_alignof
    Feature record: CXX_FEATURE:0cxx_attributes
    Feature record: CXX_FEATURE:0cxx_attribute_deprecated
    Feature record: CXX_FEATURE:0cxx_auto_type
    Feature record: CXX_FEATURE:0cxx_binary_literals
    Feature record: CXX_FEATURE:0cxx_constexpr
    Feature record: CXX_FEATURE:0cxx_contextual_conversions
    Feature record: CXX_FEATURE:0cxx_decltype
    Feature record: CXX_FEATURE:0cxx_decltype_auto
    Feature record: CXX_FEATURE:0cxx_decltype_incomplete_return_types
    Feature record: CXX_FEATURE:0cxx_default_function_template_args
    Feature record: CXX_FEATURE:0cxx_defaulted_functions
    Feature record: CXX_FEATURE:0cxx_defaulted_move_initializers
    Feature record: CXX_FEATURE:0cxx_delegating_constructors
    Feature record: CXX_FEATURE:0cxx_deleted_functions
    Feature record: CXX_FEATURE:0cxx_digit_separators
    Feature record: CXX_FEATURE:0cxx_enum_forward_declarations
    Feature record: CXX_FEATURE:0cxx_explicit_conversions
    Feature record: CXX_FEATURE:0cxx_extended_friend_declarations
    Feature record: CXX_FEATURE:0cxx_extern_templates
    Feature record: CXX_FEATURE:0cxx_final
    Feature record: CXX_FEATURE:0cxx_func_identifier
    Feature record: CXX_FEATURE:0cxx_generalized_initializers
    Feature record: CXX_FEATURE:0cxx_generic_lambdas
    Feature record: CXX_FEATURE:0cxx_inheriting_constructors
    Feature record: CXX_FEATURE:0cxx_inline_namespaces
    Feature record: CXX_FEATURE:0cxx_lambdas
    Feature record: CXX_FEATURE:0cxx_lambda_init_captures
    Feature record: CXX_FEATURE:0cxx_local_type_template_args
    Feature record: CXX_FEATURE:0cxx_long_long_type
    Feature record: CXX_FEATURE:0cxx_noexcept
    Feature record: CXX_FEATURE:0cxx_nonstatic_member_init
    Feature record: CXX_FEATURE:0cxx_nullptr
    Feature record: CXX_FEATURE:0cxx_override
    Feature record: CXX_FEATURE:0cxx_range_for
    Feature record: CXX_FEATURE:0cxx_raw_string_literals
    Feature record: CXX_FEATURE:0cxx_reference_qualified_functions
    Feature record: CXX_FEATURE:0cxx_relaxed_constexpr
    Feature record: CXX_FEATURE:0cxx_return_type_deduction
    Feature record: CXX_FEATURE:0cxx_right_angle_brackets
    Feature record: CXX_FEATURE:0cxx_rvalue_references
    Feature record: CXX_FEATURE:0cxx_sizeof_member
    Feature record: CXX_FEATURE:0cxx_static_assert
    Feature record: CXX_FEATURE:0cxx_strong_enums
    Feature record: CXX_FEATURE:1cxx_template_template_parameters
    Feature record: CXX_FEATURE:0cxx_thread_local
    Feature record: CXX_FEATURE:0cxx_trailing_return_types
    Feature record: CXX_FEATURE:0cxx_unicode_literals
    Feature record: CXX_FEATURE:0cxx_uniform_initialization
    Feature record: CXX_FEATURE:0cxx_unrestricted_unions
    Feature record: CXX_FEATURE:0cxx_user_literals
    Feature record: CXX_FEATURE:0cxx_variable_templates
    Feature record: CXX_FEATURE:0cxx_variadic_macros
    Feature record: CXX_FEATURE:0cxx_variadic_templates
